<?xml version="1.0" encoding="UTF-8"?>
<testsuite name="kata.KataTestSuite" tests="1" skipped="0" failures="0" errors="0" timestamp="2019-07-02T15:07:15" hostname="youknownothing" time="0.025">
  <properties/>
  <testcase name="testSolution" classname="kata.KataTestSuite" time="0.025"/>
  <system-out><![CDATA[1.4142135623730951
1.7320508075688772
2.0
2.23606797749979
2.449489742783178
2.6457513110645907
2.8284271247461903
3.0
3.1622776601683795
3.3166247903554
3.4641016151377544
3.605551275463989
3.7416573867739413
3.872983346207417
4.0
2.0
4.123105625617661
4.242640687119285
4.358898943540674
4.47213595499958
[2]
]]></system-out>
  <system-err><![CDATA[]]></system-err>
</testsuite>
