<?xml version="1.0" encoding="UTF-8"?>
<testsuite name="kata3.NumberToStringTest" tests="1" skipped="0" failures="0" errors="0" timestamp="2019-07-02T17:58:13" hostname="youknownothing" time="0.007">
  <properties/>
  <testcase name="tests" classname="kata3.NumberToStringTest" time="0.007"/>
  <system-out><![CDATA[]]></system-out>
  <system-err><![CDATA[]]></system-err>
</testsuite>
